Generated at 2017-10-28 23:05:09 +0700
SystemExit: exit
C:/opscode/chefdk/embedded/lib/ruby/gems/2.4.0/gems/chef-13.4.19-universal-mingw32/lib/chef/application.rb:358:in `exit'
C:/opscode/chefdk/embedded/lib/ruby/gems/2.4.0/gems/chef-13.4.19-universal-mingw32/lib/chef/application.rb:358:in `fatal!'
C:/opscode/chefdk/embedded/lib/ruby/gems/2.4.0/gems/chef-13.4.19-universal-mingw32/lib/chef/application.rb:64:in `block in setup_signal_handlers'
C:/opscode/chefdk/embedded/lib/ruby/2.4.0/net/protocol.rb:176:in `wait_readable'
C:/opscode/chefdk/embedded/lib/ruby/2.4.0/net/protocol.rb:176:in `rbuf_fill'
C:/opscode/chefdk/embedded/lib/ruby/2.4.0/net/protocol.rb:124:in `read'
C:/opscode/chefdk/embedded/lib/ruby/2.4.0/net/http/response.rb:293:in `block in read_body_0'
C:/opscode/chefdk/embedded/lib/ruby/2.4.0/net/http/response.rb:253:in `inflater'
C:/opscode/chefdk/embedded/lib/ruby/2.4.0/net/http/response.rb:283:in `read_body_0'
C:/opscode/chefdk/embedded/lib/ruby/2.4.0/net/http/response.rb:204:in `read_body'
C:/opscode/chefdk/embedded/lib/ruby/gems/2.4.0/gems/chef-13.4.19-universal-mingw32/lib/chef/http.rb:515:in `stream_to_tempfile'
C:/opscode/chefdk/embedded/lib/ruby/gems/2.4.0/gems/chef-13.4.19-universal-mingw32/lib/chef/http.rb:232:in `block in streaming_request'
C:/opscode/chefdk/embedded/lib/ruby/gems/2.4.0/gems/chef-13.4.19-universal-mingw32/lib/chef/http/basic_client.rb:93:in `block in request'
C:/opscode/chefdk/embedded/lib/ruby/2.4.0/net/http.rb:1455:in `block in transport_request'
C:/opscode/chefdk/embedded/lib/ruby/2.4.0/net/http/response.rb:165:in `reading_body'
C:/opscode/chefdk/embedded/lib/ruby/2.4.0/net/http.rb:1454:in `transport_request'
C:/opscode/chefdk/embedded/lib/ruby/2.4.0/net/http.rb:1416:in `request'
C:/opscode/chefdk/embedded/lib/ruby/2.4.0/net/http.rb:1409:in `block in request'
C:/opscode/chefdk/embedded/lib/ruby/2.4.0/net/http.rb:877:in `start'
C:/opscode/chefdk/embedded/lib/ruby/2.4.0/net/http.rb:1407:in `request'
C:/opscode/chefdk/embedded/lib/ruby/gems/2.4.0/gems/chef-13.4.19-universal-mingw32/lib/chef/http/basic_client.rb:70:in `request'
C:/opscode/chefdk/embedded/lib/ruby/gems/2.4.0/gems/chef-13.4.19-universal-mingw32/lib/chef/http.rb:372:in `block in send_http_request'
C:/opscode/chefdk/embedded/lib/ruby/gems/2.4.0/gems/chef-13.4.19-universal-mingw32/lib/chef/http.rb:406:in `block in retrying_http_errors'
C:/opscode/chefdk/embedded/lib/ruby/gems/2.4.0/gems/chef-13.4.19-universal-mingw32/lib/chef/http.rb:404:in `loop'
C:/opscode/chefdk/embedded/lib/ruby/gems/2.4.0/gems/chef-13.4.19-universal-mingw32/lib/chef/http.rb:404:in `retrying_http_errors'
C:/opscode/chefdk/embedded/lib/ruby/gems/2.4.0/gems/chef-13.4.19-universal-mingw32/lib/chef/http.rb:367:in `send_http_request'
C:/opscode/chefdk/embedded/lib/ruby/gems/2.4.0/gems/chef-13.4.19-universal-mingw32/lib/chef/http.rb:386:in `block (2 levels) in send_http_request'
C:/opscode/chefdk/embedded/lib/ruby/gems/2.4.0/gems/chef-13.4.19-universal-mingw32/lib/chef/http.rb:475:in `follow_redirect'
C:/opscode/chefdk/embedded/lib/ruby/gems/2.4.0/gems/chef-13.4.19-universal-mingw32/lib/chef/http.rb:385:in `block in send_http_request'
C:/opscode/chefdk/embedded/lib/ruby/gems/2.4.0/gems/chef-13.4.19-universal-mingw32/lib/chef/http.rb:406:in `block in retrying_http_errors'
C:/opscode/chefdk/embedded/lib/ruby/gems/2.4.0/gems/chef-13.4.19-universal-mingw32/lib/chef/http.rb:404:in `loop'
C:/opscode/chefdk/embedded/lib/ruby/gems/2.4.0/gems/chef-13.4.19-universal-mingw32/lib/chef/http.rb:404:in `retrying_http_errors'
C:/opscode/chefdk/embedded/lib/ruby/gems/2.4.0/gems/chef-13.4.19-universal-mingw32/lib/chef/http.rb:367:in `send_http_request'
C:/opscode/chefdk/embedded/lib/ruby/gems/2.4.0/gems/chef-13.4.19-universal-mingw32/lib/chef/http.rb:230:in `streaming_request'
C:/opscode/chefdk/embedded/lib/ruby/gems/2.4.0/gems/chef-13.4.19-universal-mingw32/lib/chef/provider/remote_file/http.rb:69:in `fetch'
C:/opscode/chefdk/embedded/lib/ruby/gems/2.4.0/gems/chef-13.4.19-universal-mingw32/lib/chef/provider/remote_file/content.rb:71:in `grab_file_from_uri'
C:/opscode/chefdk/embedded/lib/ruby/gems/2.4.0/gems/chef-13.4.19-universal-mingw32/lib/chef/provider/remote_file/content.rb:56:in `try_multiple_sources'
C:/opscode/chefdk/embedded/lib/ruby/gems/2.4.0/gems/chef-13.4.19-universal-mingw32/lib/chef/provider/remote_file/content.rb:41:in `file_for_provider'
C:/opscode/chefdk/embedded/lib/ruby/gems/2.4.0/gems/chef-13.4.19-universal-mingw32/lib/chef/file_content_management/content_base.rb:40:in `tempfile'
C:/opscode/chefdk/embedded/lib/ruby/gems/2.4.0/gems/chef-13.4.19-universal-mingw32/lib/chef/provider/file.rb:450:in `tempfile'
C:/opscode/chefdk/embedded/lib/ruby/gems/2.4.0/gems/chef-13.4.19-universal-mingw32/lib/chef/provider/file.rb:327:in `do_generate_content'
C:/opscode/chefdk/embedded/lib/ruby/gems/2.4.0/gems/chef-13.4.19-universal-mingw32/lib/chef/provider/file.rb:140:in `action_create'
C:/opscode/chefdk/embedded/lib/ruby/gems/2.4.0/gems/chef-13.4.19-universal-mingw32/lib/chef/provider.rb:171:in `run_action'
C:/opscode/chefdk/embedded/lib/ruby/gems/2.4.0/gems/chef-13.4.19-universal-mingw32/lib/chef/resource.rb:591:in `run_action'
C:/opscode/chefdk/embedded/lib/ruby/gems/2.4.0/gems/chef-13.4.19-universal-mingw32/lib/chef/provider/package/windows.rb:213:in `download_source_file'
C:/opscode/chefdk/embedded/lib/ruby/gems/2.4.0/gems/chef-13.4.19-universal-mingw32/lib/chef/provider/package/windows.rb:125:in `action_install'
C:/opscode/chefdk/embedded/lib/ruby/gems/2.4.0/gems/chef-13.4.19-universal-mingw32/lib/chef/provider.rb:171:in `run_action'
C:/opscode/chefdk/embedded/lib/ruby/gems/2.4.0/gems/chef-13.4.19-universal-mingw32/lib/chef/resource.rb:591:in `run_action'
C:/opscode/chefdk/embedded/lib/ruby/gems/2.4.0/gems/chef-13.4.19-universal-mingw32/lib/chef/runner.rb:70:in `run_action'
C:/opscode/chefdk/embedded/lib/ruby/gems/2.4.0/gems/chef-13.4.19-universal-mingw32/lib/chef/runner.rb:98:in `block (2 levels) in converge'
C:/opscode/chefdk/embedded/lib/ruby/gems/2.4.0/gems/chef-13.4.19-universal-mingw32/lib/chef/runner.rb:98:in `each'
C:/opscode/chefdk/embedded/lib/ruby/gems/2.4.0/gems/chef-13.4.19-universal-mingw32/lib/chef/runner.rb:98:in `block in converge'
C:/opscode/chefdk/embedded/lib/ruby/gems/2.4.0/gems/chef-13.4.19-universal-mingw32/lib/chef/resource_collection/resource_list.rb:94:in `block in execute_each_resource'
C:/opscode/chefdk/embedded/lib/ruby/gems/2.4.0/gems/chef-13.4.19-universal-mingw32/lib/chef/resource_collection/stepable_iterator.rb:114:in `call_iterator_block'
C:/opscode/chefdk/embedded/lib/ruby/gems/2.4.0/gems/chef-13.4.19-universal-mingw32/lib/chef/resource_collection/stepable_iterator.rb:85:in `step'
C:/opscode/chefdk/embedded/lib/ruby/gems/2.4.0/gems/chef-13.4.19-universal-mingw32/lib/chef/resource_collection/stepable_iterator.rb:103:in `iterate'
C:/opscode/chefdk/embedded/lib/ruby/gems/2.4.0/gems/chef-13.4.19-universal-mingw32/lib/chef/resource_collection/stepable_iterator.rb:55:in `each_with_index'
C:/opscode/chefdk/embedded/lib/ruby/gems/2.4.0/gems/chef-13.4.19-universal-mingw32/lib/chef/resource_collection/resource_list.rb:92:in `execute_each_resource'
C:/opscode/chefdk/embedded/lib/ruby/gems/2.4.0/gems/chef-13.4.19-universal-mingw32/lib/chef/runner.rb:97:in `converge'
C:/opscode/chefdk/embedded/lib/ruby/gems/2.4.0/gems/chef-13.4.19-universal-mingw32/lib/chef/client.rb:715:in `block in converge'
C:/opscode/chefdk/embedded/lib/ruby/gems/2.4.0/gems/chef-13.4.19-universal-mingw32/lib/chef/client.rb:710:in `catch'
C:/opscode/chefdk/embedded/lib/ruby/gems/2.4.0/gems/chef-13.4.19-universal-mingw32/lib/chef/client.rb:710:in `converge'
C:/opscode/chefdk/embedded/lib/ruby/gems/2.4.0/gems/chef-13.4.19-universal-mingw32/lib/chef/client.rb:749:in `converge_and_save'
C:/opscode/chefdk/embedded/lib/ruby/gems/2.4.0/gems/chef-13.4.19-universal-mingw32/lib/chef/client.rb:286:in `run'
C:/opscode/chefdk/embedded/lib/ruby/gems/2.4.0/gems/chef-13.4.19-universal-mingw32/lib/chef/application.rb:273:in `run_with_graceful_exit_option'
C:/opscode/chefdk/embedded/lib/ruby/gems/2.4.0/gems/chef-13.4.19-universal-mingw32/lib/chef/application.rb:249:in `block in run_chef_client'
C:/opscode/chefdk/embedded/lib/ruby/gems/2.4.0/gems/chef-13.4.19-universal-mingw32/lib/chef/local_mode.rb:44:in `with_server_connectivity'
C:/opscode/chefdk/embedded/lib/ruby/gems/2.4.0/gems/chef-13.4.19-universal-mingw32/lib/chef/application.rb:232:in `run_chef_client'
C:/opscode/chefdk/embedded/lib/ruby/gems/2.4.0/gems/chef-13.4.19-universal-mingw32/lib/chef/application/client.rb:469:in `sleep_then_run_chef_client'
C:/opscode/chefdk/embedded/lib/ruby/gems/2.4.0/gems/chef-13.4.19-universal-mingw32/lib/chef/application/client.rb:458:in `block in interval_run_chef_client'
C:/opscode/chefdk/embedded/lib/ruby/gems/2.4.0/gems/chef-13.4.19-universal-mingw32/lib/chef/application/client.rb:457:in `loop'
C:/opscode/chefdk/embedded/lib/ruby/gems/2.4.0/gems/chef-13.4.19-universal-mingw32/lib/chef/application/client.rb:457:in `interval_run_chef_client'
C:/opscode/chefdk/embedded/lib/ruby/gems/2.4.0/gems/chef-13.4.19-universal-mingw32/lib/chef/application/client.rb:441:in `run_application'
C:/opscode/chefdk/embedded/lib/ruby/gems/2.4.0/gems/chef-13.4.19-universal-mingw32/lib/chef/application.rb:59:in `run'
C:/opscode/chefdk/embedded/lib/ruby/gems/2.4.0/gems/chef-13.4.19-universal-mingw32/bin/chef-client:26:in `<top (required)>'
C:/opscode/chefdk/bin/chef-client:279:in `load'
C:/opscode/chefdk/bin/chef-client:279:in `<main>'